Array
(
    [IBLOCK_ID] => 26
    [ID] => 4299
    [NAME] => 8+40089
    [ACTIVE] => N
    [PROPERTY_92_VALUE] => Аренда
    [PROPERTY_92_ENUM_ID] => 70
    [PROPERTY_92_VALUE_ID] => 102382
    [PROPERTY_93_VALUE] => Квартира
    [PROPERTY_93_ENUM_ID] => 72
    [PROPERTY_93_VALUE_ID] => 102383
    [PROPERTY_96_VALUE] => 1
    [PROPERTY_96_VALUE_ID] => 102385
    [PROPERTY_97_VALUE] => 1/2
    [PROPERTY_97_VALUE_ID] => 102386
    [PROPERTY_98_VALUE] => 62
    [PROPERTY_98_VALUE_ID] => 102387
    [PROPERTY_99_VALUE] => 5
    [PROPERTY_99_VALUE_ID] => 102388
    [PROPERTY_100_VALUE] => 32
    [PROPERTY_100_VALUE_ID] => 102389
)
Array
(
    [IBLOCK_ID] => 26
    [ID] => 4299
    [NAME] => 8+40089
    [ACTIVE] => N
    [PROPERTY_92_VALUE] => Аренда
    [PROPERTY_92_ENUM_ID] => 70
    [PROPERTY_92_VALUE_ID] => 102382
    [PROPERTY_93_VALUE] => Квартира
    [PROPERTY_93_ENUM_ID] => 72
    [PROPERTY_93_VALUE_ID] => 102383
    [PROPERTY_96_VALUE] => 1
    [PROPERTY_96_VALUE_ID] => 102385
    [PROPERTY_97_VALUE] => 1/2
    [PROPERTY_97_VALUE_ID] => 102386
    [PROPERTY_98_VALUE] => 62
    [PROPERTY_98_VALUE_ID] => 102387
    [PROPERTY_99_VALUE] => 5
    [PROPERTY_99_VALUE_ID] => 102388
    [PROPERTY_100_VALUE] => 32
    [PROPERTY_100_VALUE_ID] => 102389
)
Array
(
    [IBLOCK_ID] => 26
    [ID] => 4299
    [NAME] => 8+40089
    [ACTIVE] => N
    [PROPERTY_92_VALUE] => Аренда
    [PROPERTY_92_ENUM_ID] => 70
    [PROPERTY_92_VALUE_ID] => 102382
    [PROPERTY_93_VALUE] => Квартира
    [PROPERTY_93_ENUM_ID] => 72
    [PROPERTY_93_VALUE_ID] => 102383
    [PROPERTY_96_VALUE] => 1
    [PROPERTY_96_VALUE_ID] => 102385
    [PROPERTY_97_VALUE] => 1/2
    [PROPERTY_97_VALUE_ID] => 102386
    [PROPERTY_98_VALUE] => 62
    [PROPERTY_98_VALUE_ID] => 102387
    [PROPERTY_99_VALUE] => 5
    [PROPERTY_99_VALUE_ID] => 102388
    [PROPERTY_100_VALUE] => 32
    [PROPERTY_100_VALUE_ID] => 102389
)
